<?xml version="1.0" encoding="UTF-8"?>
<!-- Generated by org.testng.reporters.JUnitReportReporter -->
<testsuite skipped="0" hostname="DESKTOP-0SU501G" name="com.amazon.Test.MainTest" tests="8" failures="0" timestamp="06 Mar 2019 05:49:51 GMT" time="78.511" errors="0">
  <testcase name="URLOpen" time="48.719" classname="com.amazon.Test.MainTest"/>
  <testcase name="SelectBooks" time="5.968" classname="com.amazon.Test.MainTest"/>
  <testcase name="SearchBook" time="7.490" classname="com.amazon.Test.MainTest"/>
  <testcase name="ChooseBook" time="14.561" classname="com.amazon.Test.MainTest"/>
  <testcase name="ReceiveTitle" time="0.531" classname="com.amazon.Test.MainTest"/>
  <testcase name="ObtainAuthors" time="0.650" classname="com.amazon.Test.MainTest"/>
  <testcase name="DrawKindlePrice" time="0.504" classname="com.amazon.Test.MainTest"/>
  <testcase name="DrawPaperPrice" time="0.088" classname="com.amazon.Test.MainTest"/>
</testsuite> <!-- com.amazon.Test.MainTest -->
